(119, -0.99870953383513872) (119, 151.0)
(110, -0.99785997486829647) (110, 126.0)
(56, -0.99593236291238985) (56, 5892.5)
(157, -0.99449139847671209) (157, 52.5)
(128, -0.99125441733998132) (128, 18.5)
(199, -0.98872586945451924) (199, 5777.25)
(176, -0.98683045620547616) (176, 155.25)
(9, -0.9845450430694328) (9, 29.0)
(54, -0.97888647492531178) (54, 261.5)
(134, -0.97596449130662233) (134, 15.5)
(115, -0.96775911233132672) (115, 323.25)
(17, -0.96530076954940769) (17, 96.75)
(39, -0.96518325095044322) (39, 78.5)
(32, -0.96134911996928107) (32, 4382.5)
(103, -0.95842990775825276) (103, 1006.25)
(44, -0.95174674717226426) (44, 267.75)
(123, -0.95041814003083036) (123, 545.25)
(40, -0.94363800944374077) (40, 24.75)
(141, -0.93793089312827749) (141, 442.0)
(146, -0.93452753202430838) (146, 141.75)
(15, -0.92690326299942161) (15, 50.5)
(120, -0.91388661330859) (120, 119.5)
(48, -0.88059262728600918) (48, 75.75)
(34, -0.86778554501843697) (34, 394.5)
(197, -0.86663832024470988) (197, 68.75)
(47, -0.86318227800229963) (47, 244.25)
(105, -0.8564388597941287) (105, 8384.25)
(2, -0.84756737748088662) (2, 55.75)
(184, -0.83726387479730113) (184, 82.75)
(89, -0.82044608771516669) (89, 273.0)
(155, -0.81967739797764771) (155, 344.0)
(50, -0.81965030558317986) (50, 17.25)
(19, -0.81759514461936833) (19, 111.75)
(179, -0.8096382951922505) (179, 234.75)
(135, -0.80846614597072775) (135, 184.5)
(183, -0.80367851448822969) (183, 100.0)
(90, -0.79624980624360042) (90, 359.25)
(61, -0.79274741765252443) (61, 82.75)
(172, -0.79037115337426012) (172, 58.5)
(180, -0.77306866454913803) (180, 84.25)
(126, -0.77208327368059537) (126, 1890.25)
(95, -0.7501576575846518) (95, 113.25)
(53, -0.74712744644141915) (53, 304.75)
(79, -0.74671967454275656) (79, 594.5)
(175, -0.73561044040207657) (175, 676.75)
(65, -0.73490998970865928) (65, 15.75)
(55, -0.72860715676786059) (55, 89.75)
(43, -0.72051200101013957) (43, 26.25)
(181, -0.71881079657406721) (181, 33.0)
(193, -0.71880663058738303) (193, 1557.25)
(187, -0.71335647126105783) (187, 142.5)
(196, -0.68688263783194459) (196, 27.75)
(160, -0.68598300131103462) (160, 162.75)
(8, -0.67952407021706651) (8, 41.25)
(102, -0.67871752511653849) (102, 18.75)
(112, -0.66805688469036129) (112, 105.5)
(186, -0.66332719320694877) (186, 233.5)
(151, -0.64906599167992574) (151, 20.5)
(7, -0.64812690226174841) (7, 330.25)
(125, -0.63497452684669131) (125, 49.0)
(171, -0.62511011161415542) (171, 4500.25)
(23, -0.61195621357302632) (23, 95.5)
(21, -0.60827915599792581) (21, 310.75)
(51, -0.60785716879175278) (51, 41.5)
(149, -0.59932287163915388) (149, 537.75)
(66, -0.59785250474026641) (66, 471.5)
(177, -0.58450935984084595) (177, 853.0)
(166, -0.57048570451030511) (166, 13.75)
(100, -0.57032519491704181) (100, 138.5)
(14, -0.55468586821446764) (14, 128.5)
(16, -0.54478502360964653) (16, 139.25)
(0, -0.54334845320805647) (0, 74.5)
(5, -0.51299751979993302) (5, 113.0)
(64, -0.50803906448542968) (64, 59.5)
(198, -0.46971931537920963) (198, 36.75)
(73, -0.46761252507493145) (73, 12566.0)
(174, -0.4579349179936601) (174, 18.75)
(153, -0.457181770184722) (153, 423.0)
(86, -0.44466767611299124) (86, 70.0)
(27, -0.44293925415117386) (27, 792.25)
(87, -0.44102841703706225) (87, 126.75)
(63, -0.42895792976201697) (63, 22.75)
(1, -0.42120113696702344) (1, 43.75)
(59, -0.39516703301629758) (59, 54.75)
(167, -0.37653842718158809) (167, 160.5)
(71, -0.36873617306745032) (71, 9075.75)
(124, -0.34643987462171416) (124, 200.5)
(188, -0.30776378875095584) (188, 1101.75)
(74, -0.29924652679340413) (74, 68.25)
(150, -0.28941032136372963) (150, 465.75)
(116, -0.28050090659626536) (116, 132.75)
(190, -0.28001582610262055) (190, 157.0)
(139, -0.27721914476255882) (139, 161.25)
(108, -0.2690393942012177) (108, 48.0)
(36, -0.26034688571934633) (36, 30.0)
(58, -0.21401665125108738) (58, 418.5)
(192, -0.19636947615879452) (192, 178.75)
(165, -0.18988565905806956) (165, 159.5)
(178, -0.18698452598156756) (178, 482.0)
(156, -0.14828722605227748) (156, 115.75)
(131, -0.14550415293873228) (131, 142.75)
(97, -0.093755865471057159) (97, 732.5)
(182, -0.078899624281363157) (182, 849.75)
(162, -0.065639049335127708) (162, 114.25)
(72, -0.041976260382881374) (72, 15.5)
(142, 0.010627846284641484) (142, 4736.25)
(57, 0.020773971224303699) (57, 29.75)
(37, 0.02436064506215143) (37, 28.75)
(4, 0.031589283814362698) (4, 80.5)
(82, 0.049763146505302815) (82, 1947.5)
(195, 0.071515994366045443) (195, 147.0)
(137, 0.095428172854208945) (137, 30.25)
(31, 0.097132505406918729) (31, 107.5)
(81, 0.11655961084505048) (81, 201.5)
(10, 0.11745650118098686) (10, 16.0)
(52, 0.13841765479112) (52, 46.0)
(69, 0.13860471670022925) (69, 61.75)
(185, 0.18258207155056591) (185, 225.25)
(138, 0.18350072879853419) (138, 178.25)
(26, 0.19554820128422504) (26, 25.75)
(77, 0.20473265652159001) (77, 220.25)
(67, 0.23363434014359577) (67, 53.25)
(99, 0.2360509976820804) (99, 66.75)
(75, 0.2478212325949701) (75, 1479.25)
(41, 0.26140666983731881) (41, 153.75)
(118, 0.26734741102436299) (118, 140.25)
(145, 0.28097234008110844) (145, 190.5)
(152, 0.28122018976682772) (152, 923.0)
(158, 0.327270781524439) (158, 129.0)
(94, 0.3312261104341051) (94, 110.5)
(107, 0.35169056337950122) (107, 85.5)
(28, 0.36897015553530543) (28, 143.75)
(143, 0.39107196680076411) (143, 34.0)
(30, 0.39390083614403987) (30, 2489.75)
(88, 0.42078409725332711) (88, 268.0)
(169, 0.42939845819274358) (169, 1657.5)
(76, 0.45049084653123234) (76, 50.5)
(114, 0.46041988273183793) (114, 39613.0)
(33, 0.46153984693659644) (33, 30.25)
(11, 0.46540420628210033) (11, 69.75)
(106, 0.47755857741677743) (106, 23.0)
(129, 0.48032359836750982) (129, 50.75)
(85, 0.49900977403700536) (85, 34.5)
(191, 0.50097480377888737) (191, 112.25)
(113, 0.51002129404740115) (113, 675.25)
(136, 0.51391578507843039) (136, 874.5)
(84, 0.52100972401923062) (84, 27.5)
(159, 0.52172811065996161) (159, 202.75)
(109, 0.53579904459321825) (109, 9568.25)
(96, 0.54334607950398039) (96, 63.25)
(46, 0.54562391265706234) (46, 479.0)
(60, 0.54834525822658264) (60, 1271.0)
(132, 0.55251567891861708) (132, 17685.0)
(173, 0.55750324857726541) (173, 163.75)
(24, 0.56572428023562538) (24, 104.0)
(161, 0.58200575036812818) (161, 1322.5)
(35, 0.58848050754397419) (35, 1223.25)
(194, 0.61554639585260895) (194, 116.25)
(154, 0.62351197857602425) (154, 130.25)
(148, 0.62929571480352331) (148, 134.25)
(3, 0.63715055395518949) (3, 16.25)
(13, 0.68050115656245835) (13, 37.0)
(163, 0.71189297122939588) (163, 28.25)
(121, 0.72620434475106177) (121, 470.5)
(117, 0.72661408850626052) (117, 171.0)
(104, 0.74421111443634058) (104, 947.25)
(12, 0.76068028869749094) (12, 33.75)
(168, 0.78498611470534319) (168, 712.5)
(101, 0.79313205358116634) (101, 272.25)
(45, 0.81862481483097627) (45, 267.25)
(49, 0.82790851536513554) (49, 657.0)
(83, 0.84098135587991352) (83, 113.5)
(29, 0.84363525059567801) (29, 92.75)
(144, 0.84829051428078039) (144, 357.0)
(133, 0.85809086524740008) (133, 57.5)
(22, 0.86182087098774562) (22, 117.75)
(164, 0.8691095066390333) (164, 169.5)
(93, 0.87086489843230053) (93, 473.75)
(62, 0.88438183815808979) (62, 21.5)
(170, 0.89638616768817692) (170, 4194.25)
(130, 0.89774789608080896) (130, 172.0)
(70, 0.90872220350979627) (70, 195.75)
(20, 0.91598991531087282) (20, 34.75)
(122, 0.92828932850856616) (122, 47.5)
(18, 0.93061576192262285) (18, 80.0)
(127, 0.94257458377181547) (127, 117.25)
(147, 0.94441760369345606) (147, 40.5)
(111, 0.9482521309255032) (111, 55.0)
(92, 0.95793204350880257) (92, 108.5)
(140, 0.95988370815649959) (140, 112.75)
(91, 0.96196684976416735) (91, 81.5)
(68, 0.97225989289693426) (68, 122.75)
(42, 0.97947454316521698) (42, 18.25)
(6, 0.98146044113764386) (6, 331.75)
(189, 0.99339081858359213) (189, 81.25)
(78, 0.99628015968855366) (78, 81.25)
(80, 0.99662618124703128) (80, 248.5)
(38, 0.99806061967553661) (38, 1015.5)
(98, 0.9990072900639968) (98, 2548.5)
(25, 0.99980002955147107) (25, 96.25)
