413946 413887 -1 -0.30398783745596886
413982 413923 -1 -0.19020272101299474
414030 413971 -1 -0.57140968353341981
414042 413983 -1 -0.61790260378814132
414054 413995 -1 -0.63514106973109985
414066 414007 -1 -0.7801614938715381
414078 414019 -1 -0.90311889350003449
414090 414031 -1 -0.90894614672621932
414102 414043 -1 -0.85450960594883141
414126 414067 -1 -0.13923710551235927
414150 414091 -1 -0.57328195279864658
414162 414103 -1 -0.23682848006464405
414174 414115 -1 -0.5170461856136338
414198 414139 -1 -0.27606402937212404
414210 414151 -1 -0.76305480113447866
414222 414163 -1 -0.43518881680288007
414294 414235 -1 -0.24468320503560526
414318 414259 -1 -0.79351851656961525
414330 414271 -1 -0.64508542908247613
414342 414283 -1 -0.74326967240935504
414354 414295 -1 -0.1265943615576032
414366 414307 -1 -0.05031179031846688
414390 414331 -1 -0.27798963215978956
414414 414355 -1 -0.61841969190263857
414426 414367 -1 -0.043155641365990149
414450 414391 -1 -0.46752163556748966
414462 414403 -1 -0.35737112049873543
414474 414415 -1 -0.040101894560322343
414618 414559 -1 -0.19103517775632334
414630 414571 -1 -0.97342756550609399
414642 414583 -1 -0.8748885380494239
414654 414595 -1 -0.67621184980802396
414666 414607 -1 -0.45546661518623716
414690 414631 -1 -0.38047321434217712
414702 414643 -1 -0.16150202753949927
414714 414655 -1 -0.075434493456627588
414738 414679 -1 -0.19275474517061775
414750 414691 -1 -0.42136933781510777
414774 414715 -1 -0.19975637553800479
414786 414727 -1 -0.41121175815615651
414810 414751 -1 -0.27369123516248156
414822 414763 -1 -0.069824209046952773
414858 414799 -1 -0.49420491556090923
414870 414811 -1 -0.28947478416046196
414882 414823 -1 -0.041811993348330273
414906 414847 -1 -0.69997756423440904
414918 414859 -1 -0.20486954646917402
414930 414871 -1 -0.065449087268995065
414942 414883 -1 -0.74412463034918908
414954 414895 -1 -0.14038373729915857
