89437 89496 1
Synpcc7942_0090
GntR family transcriptional regulator

285133 285192 1
Synpcc7942_0289
preprotein translocase subunit SecA

299785 299844 1
Synpcc7942_0301
single-stranded DNA-binding protein

299977 300036 1
Synpcc7942_0301
single-stranded DNA-binding protein

301969 302028 1
Synpcc7942_0303
response regulator receiver domain-containing protein

514981 515040 1
Synpcc7942_0530
(4Fe-4S)-binding protein

1329133 1329192 1
Synpcc7942_1301
ATP-dependent DNA helicase RecQ

1541293 1541352 1
Synpcc7942_1490
nitrate transport ATP-binding subunits C and D

1569037 1569096 1
Synpcc7942_1518
ATP-dependent helicase PcrA

1587745 1587804 1
Synpcc7942_1527
nitrogen assimilation regulatory protein

1761649 1761708 1
Synpcc7942_1694
DNA topoisomerase IV subunit A

2373925 2373984 1
Synpcc7942_2305
two component transcriptional regulator

2456017 2456076 1
Synpcc7942_2386
hydrogenase expression/formation protein HypD

2547517 2547576 1
Synpcc7942_2466
two component transcriptional regulator

2605393 2605452 1
Synpcc7942_2524
trigger factor

970638 970579 -1
Synpcc7942_0962
sun protein


1285326 1285267 -1
Synpcc7942_1262
FAD-dependent dehydrogenase

1491882 1491823 -1
Synpcc7942_1438
anti-sigma regulatory factor

2016822 2016763 -1
Synpcc7942_1943
cell division protein Ftn2-like protein

2049114 2049055 -1
Synpcc7942_1977
NAD(P)H-quinone oxidoreductase subunit F

2623722 2623663 -1
Synpcc7942_2542
cytochrome C6-2
