13 72 1
Synpcc7942_0001
DNA polymerase III subunit beta

361 420 1
Synpcc7942_0001
DNA polymerase III subunit beta

541 600 1
Synpcc7942_0001
DNA polymerase III subunit beta

1477 1536 1
Synpcc7942_0002
hypothetical protein

3997 4056 1
Synpcc7942_0003
phosphoribosylformylglycinamidine synthase II

25729 25788 1
Synpcc7942_0025
hypothetical protein

32113 32172 1
Synpcc7942_0031
aminotransferase

44893 44952 1
Synpcc7942_0045
TPR repeat-containing protein

86677 86736 1
Synpcc7942_0088
hypothetical protein

89437 89496 1
Synpcc7942_0090
GntR family transcriptional regulator

157009 157068 1
Synpcc7942_0155
hypothetical protein

166321 166380 1
Synpcc7942_0166
hypothetical protein

166357 166416 1
Synpcc7942_0166
hypothetical protein

166393 166452 1
Synpcc7942_0166
hypothetical protein

169153 169212 1
Synpcc7942_0169
glutamate-ammonia ligase, glutamine synthetase type III

247465 247524 1
Synpcc7942_0251
exonuclease

273937 273996 1
Synpcc7942_0278
bidirectional hydrogenase complex protein HoxE

285133 285192 1
Synpcc7942_0289
preprotein translocase subunit SecA

288985 289044 1
Synpcc7942_0292
bifunctional phosphopantothenoylcysteine decarboxylase/phosphopantothenate synthase

289237 289296 1
Synpcc7942_0292
bifunctional phosphopantothenoylcysteine decarboxylase/phosphopantothenate synthase

299785 299844 1
Synpcc7942_0301
single-stranded DNA-binding protein

299977 300036 1
Synpcc7942_0301
single-stranded DNA-binding protein

301969 302028 1
Synpcc7942_0303
response regulator receiver domain-containing protein

342757 342816 1
Synpcc7942_0350
ATPase

366805 366864 1
Synpcc7942_0372
hypothetical protein

374377 374436 1
Synpcc7942_0380
hypothetical protein

460945 461004 1
Synpcc7942_0476
ATP-dependent Clp protease adaptor

479017 479076 1
Synpcc7942_0490
PAS/PAC sensor-containing diguanylate cyclase

508081 508140 1
Synpcc7942_0522
hypothetical protein

514261 514320 1
Synpcc7942_0529
6-phosphogluconolactonase

514981 515040 1
Synpcc7942_0530
(4Fe-4S)-binding protein

527113 527172 1
Synpcc7942_0544
hypothetical protein

527113 527172 1
Synpcc7942_0545
hypothetical protein

532297 532356 1
Synpcc7942_0549
hypothetical protein

609445 609504 1
Synpcc7942_0619
hypothetical protein

619369 619428 1
Synpcc7942_0626
dihydroxy-acid dehydratase

621313 621372 1
Synpcc7942_0628
spermidine synthase

645793 645852 1
Synpcc7942_0651
primosome assembly protein PriA

659149 659208 1
Synpcc7942_0663
adenylate/guanylate cyclase

659185 659244 1
Synpcc7942_0663
adenylate/guanylate cyclase

673297 673356 1
Synpcc7942_0678
3'-5' exonuclease

677785 677844 1
Synpcc7942_0683
potassium channel protein

679609 679668 1
Synpcc7942_0685
molecular chaperone GroEL

723973 724032 1
Synpcc7942_0729
hypothetical protein

726649 726708 1
Synpcc7942_0731
phage terminase large subunit

727921 727980 1
Synpcc7942_0733
Phage portal protein, lambda

732265 732324 1
Synpcc7942_0737
hypothetical protein

742513 742572 1
Synpcc7942_0747
hypothetical protein

743377 743436 1
Synpcc7942_0749
hypothetical protein

745009 745068 1
Synpcc7942_0750
Phage tail tape measure protein TP901, core region

747553 747612 1
Synpcc7942_0752
hypothetical protein

758977 759036 1
Synpcc7942_0766
DNA-damage-inducible protein

813421 813480 1
Synpcc7942_0819
phosphoribosylformylglycinamidine synthase I

818797 818856 1
Synpcc7942_0824
hypothetical protein

824677 824736 1
Synpcc7942_0830
asparaginyl-tRNA synthetase

871537 871596 1
Synpcc7942_0869
hypothetical protein

879313 879372 1
Synpcc7942_0876
alanyl-tRNA synthetase

881401 881460 1
Synpcc7942_0877
Elongator protein 3/MiaB/NifB

882037 882096 1
Synpcc7942_0877
Elongator protein 3/MiaB/NifB

883033 883092 1
Synpcc7942_0877
Elongator protein 3/MiaB/NifB

900061 900120 1
Synpcc7942_0890
glutamate synthase (ferredoxin)

919561 919620 1
Synpcc7942_0912
DNA polymerase III, tau subunit

952345 952404 1
Synpcc7942_0944
FolC bifunctional protein

960145 960204 1
Synpcc7942_0951
nicotinate-nucleotide pyrophosphorylase

964909 964968 1
Synpcc7942_0956
hypothetical protein

1000573 1000632 1
Synpcc7942_0992
hypothetical protein

1001185 1001244 1
Synpcc7942_0992
hypothetical protein

1014385 1014444 1
Synpcc7942_1003
anthranilate synthase, component I

1015753 1015812 1
Synpcc7942_1003
anthranilate synthase, component I

1033801 1033860 1
Synpcc7942_1019
4-alpha-glucanotransferase

1039501 1039560 1
Synpcc7942_1025
TPR repeat-containing protein

1045993 1046052 1
Synpcc7942_1030
histidinol-phosphate aminotransferase

1051609 1051668 1
Synpcc7942_1037
arginine decarboxylase

1067845 1067904 1
Synpcc7942_1057
thiamine-phosphate pyrophosphorylase

1068613 1068672 1
Synpcc7942_1058
hypothetical protein

1101505 1101564 1
Synpcc7942_1085
glycogen branching enzyme

1106305 1106364 1
Synpcc7942_1089
ATPase

1109245 1109304 1
Synpcc7942_1091
hypothetical protein

1118761 1118820 1
Synpcc7942_1101
hypothetical protein

1119541 1119600 1
Synpcc7942_1101
hypothetical protein

1142293 1142352 1
Synpcc7942_1124
exoribonuclease II

1145881 1145940 1
Synpcc7942_1127
microcin-processing peptidase 2

1145917 1145976 1
Synpcc7942_1127
microcin-processing peptidase 2

1145941 1146000 1
Synpcc7942_1127
microcin-processing peptidase 2

1146061 1146120 1
Synpcc7942_1127
microcin-processing peptidase 2

1161709 1161768 1
Synpcc7942_1138
hypothetical protein

1196401 1196460 1
Synpcc7942_1163
hypothetical protein

1220425 1220484 1
Synpcc7942_1191
guanylate kinase

1233805 1233864 1
Synpcc7942_1205
phage_integrase-like protein

1247197 1247256 1
Synpcc7942_1226
processing protease

1248085 1248144 1
Synpcc7942_1226
processing protease

1279393 1279452 1
Synpcc7942_1256
glutathione S-transferase

1280077 1280136 1
Synpcc7942_1257
chloride channel-like protein

1280605 1280664 1
Synpcc7942_1257
chloride channel-like protein

1280797 1280856 1
Synpcc7942_1257
chloride channel-like protein

1326529 1326588 1
Synpcc7942_1298
diguanylate cyclase

1329133 1329192 1
Synpcc7942_1301
ATP-dependent DNA helicase RecQ

1329925 1329984 1
Synpcc7942_1301
ATP-dependent DNA helicase RecQ

1334197 1334256 1
Synpcc7942_1307
ABC-2 type transport system permease

1352437 1352496 1
Synpcc7942_1323
formamidopyrimidine-DNA glycosylase

1365649 1365708 1
Synpcc7942_1334
aminodeoxychorismate synthase subunit I

1367377 1367436 1
Synpcc7942_1336
hypothetical protein

1401853 1401912 1
Synpcc7942_1362
hypothetical protein

1409965 1410024 1
Synpcc7942_1372
methionine synthase (B12-dependent)

1421809 1421868 1
Synpcc7942_1379
acetyl-CoA carboxylase biotin carboxylase subunit

1424233 1424292 1
Synpcc7942_1380
sulfate permease

1425301 1425360 1
Synpcc7942_1381
ATPase

1429693 1429752 1
Synpcc7942_1382
diguanylate cyclase/phosphodiesterase

1433017 1433076 1
Synpcc7942_1387
hypothetical protein

1444597 1444656 1
Synpcc7942_1394
hypothetical protein

1471405 1471464 1
Synpcc7942_1417
hypothetical protein

1481761 1481820 1
Synpcc7942_1428
phosphoribosylaminoimidazole carboxylase ATPase subunit

1482073 1482132 1
Synpcc7942_1428
phosphoribosylaminoimidazole carboxylase ATPase subunit

1484929 1484988 1
Synpcc7942_1431
peptidylprolyl isomerase

1507885 1507944 1
Synpcc7942_1454
glycerol-3-phosphate acyltransferase PlsX

1520701 1520760 1
Synpcc7942_1467
molecular chaperone DnaJ

1538713 1538772 1
Synpcc7942_1488
hypothetical protein

1541293 1541352 1
Synpcc7942_1490
nitrate transport ATP-binding subunits C and D

1569037 1569096 1
Synpcc7942_1518
ATP-dependent helicase PcrA

1573213 1573272 1
Synpcc7942_1521
Sec-independent protein translocase TatD

1583461 1583520 1
Synpcc7942_1525
GTP-binding protein TypA

1587745 1587804 1
Synpcc7942_1527
nitrogen assimilation regulatory protein

1601185 1601244 1
Synpcc7942_1545
plasmid stabilization protein StbB-like protein

1608769 1608828 1
Synpcc7942_1551
hypothetical protein

1611229 1611288 1
Synpcc7942_1553
phosphoesterase PHP-like protein

1611865 1611924 1
Synpcc7942_1555
Thf1-like protein

1615321 1615380 1
Synpcc7942_1558
hypothetical protein

1615489 1615548 1
Synpcc7942_1558
hypothetical protein

1616005 1616064 1
Synpcc7942_1558
hypothetical protein

1638901 1638960 1
Synpcc7942_1576
chloride channel protein

1639237 1639296 1
Synpcc7942_1576
chloride channel protein

1663981 1664040 1
Synpcc7942_1597
GTP cyclohydrolase I

1664641 1664700 1
Synpcc7942_1598
phenazine biosynthesis PhzC/PhzF protein

1706725 1706784 1
Synpcc7942_1638
hypothetical protein

1761649 1761708 1
Synpcc7942_1694
DNA topoisomerase IV subunit A

1777633 1777692 1
Synpcc7942_1708
oligopeptidase A

1802473 1802532 1
Synpcc7942_1730
hypothetical protein

1836625 1836684 1
Synpcc7942_1769
hypothetical protein

1837501 1837560 1
Synpcc7942_1771
signal recognition particle subunit FFH/SRP54 (srp54)

1837849 1837908 1
Synpcc7942_1771
signal recognition particle subunit FFH/SRP54 (srp54)

1850605 1850664 1
Synpcc7942_1783
hypothetical protein

1850785 1850844 1
Synpcc7942_1783
hypothetical protein

1875409 1875468 1
Synpcc7942_1806
bacterioferritin comigratory protein

1875589 1875648 1
Synpcc7942_1806
bacterioferritin comigratory protein

1898377 1898436 1
Synpcc7942_1829
1-(5-phosphoribosyl)-5-[(5-phosphoribosylamino)methylideneamino] imidazole-4-carboxamide isomerase

1908973 1909032 1
Synpcc7942_1842
transposase IS605

1909285 1909344 1
Synpcc7942_1842
transposase IS605

1909417 1909476 1
Synpcc7942_1842
transposase IS605

1909585 1909644 1
Synpcc7942_1842
transposase IS605

1965565 1965624 1
Synpcc7942_1892
rhodanese-like protein

1992661 1992720 1
Synpcc7942_1917
permease of the drug/metabolite transporter

1993825 1993884 1
Synpcc7942_1918
UDP-glucose:tetrahydrobiopterin glucosyltransferase

1994077 1994136 1
Synpcc7942_1918
UDP-glucose:tetrahydrobiopterin glucosyltransferase

2002993 2003052 1
Synpcc7942_1928
hypothetical protein

2003305 2003364 1
Synpcc7942_1929
cysteine desulfurase

2014105 2014164 1
Synpcc7942_1940
membrane transporter

2025181 2025240 1
Synpcc7942_1951
hypothetical protein

2031721 2031780 1
Synpcc7942_1959
prolyl-tRNA synthetase

2072065 2072124 1
Synpcc7942_2003
hypothetical protein

2076181 2076240 1
Synpcc7942_2008
hypothetical protein

2076193 2076252 1
Synpcc7942_2008
hypothetical protein

2078665 2078724 1
Synpcc7942_2009
hypothetical protein

2110405 2110464 1
Synpcc7942_2041
integral membrane protein MviN

2111653 2111712 1
Synpcc7942_2041
integral membrane protein MviN

2111749 2111808 1
Synpcc7942_2041
integral membrane protein MviN

2127373 2127432 1
Synpcc7942_2050
hypothetical protein

2130661 2130720 1
Synpcc7942_2053
peptidase

2131957 2132016 1
Synpcc7942_2053
peptidase

2133421 2133480 1
Synpcc7942_2055
2-octaprenyl-6-methoxyphenyl hydroxylase

2152933 2152992 1
Synpcc7942_2074
molecular chaperone DnaJ

2155081 2155140 1
Synpcc7942_2077
hypothetical protein

2167249 2167308 1
Synpcc7942_2087
imidazole glycerol phosphate synthase subunit HisF

2190541 2190600 1
Synpcc7942_2109
ATPase

2190805 2190864 1
Synpcc7942_2109
ATPase

2193721 2193780 1
Synpcc7942_2113
ribose-phosphate pyrophosphokinase

2206321 2206380 1
Synpcc7942_2125
hypothetical protein

2224429 2224488 1
Synpcc7942_2140
cytidine deaminase

2231617 2231676 1
Synpcc7942_2148
ATPase

2231893 2231952 1
Synpcc7942_2149
ABC-2 type transport system permease

2231941 2232000 1
Synpcc7942_2149
ABC-2 type transport system permease

2310925 2310984 1
Synpcc7942_2246
hypothetical protein

2333293 2333352 1
Synpcc7942_2265
gamma-glutamyl phosphate reductase

2340817 2340876 1
Synpcc7942_2273
hypothetical protein

2353057 2353116 1
Synpcc7942_2283
hypothetical protein

2363629 2363688 1
Synpcc7942_2292
hypothetical protein

2363629 2363688 1
Synpcc7942_2293
hypothetical protein

2373925 2373984 1
Synpcc7942_2305
two component transcriptional regulator

2392021 2392080 1
Synpcc7942_2324
glutathione synthetase

2408953 2409012 1
Synpcc7942_2340
GTP-binding protein EngA

2415241 2415300 1
Synpcc7942_2348
S-adenosylmethionine:tRNA ribosyltransferase-isomerase

2415277 2415336 1
Synpcc7942_2348
S-adenosylmethionine:tRNA ribosyltransferase-isomerase

2415613 2415672 1
Synpcc7942_2348
S-adenosylmethionine:tRNA ribosyltransferase-isomerase

2431573 2431632 1
Synpcc7942_2365
peptide chain release factor 3

2456017 2456076 1
Synpcc7942_2386
hydrogenase expression/formation protein HypD

2462545 2462604 1
Synpcc7942_2390
5-oxoprolinase

2467945 2468004 1
Synpcc7942_2393
glutamyl-tRNA synthetase

2499553 2499612 1
Synpcc7942_2427
3-mercaptopyruvate sulfurtransferase

2533765 2533824 1
Synpcc7942_2455
hypothetical protein

2534833 2534892 1
Synpcc7942_2456
hypothetical protein

2547517 2547576 1
Synpcc7942_2466
two component transcriptional regulator

2549677 2549736 1
Synpcc7942_2468
molecular chaperone DnaK

2605393 2605452 1
Synpcc7942_2524
trigger factor

2637181 2637240 1
Synpcc7942_2558
cysteine desulfurase

2637241 2637300 1
Synpcc7942_2558
cysteine desulfurase

2645557 2645616 1
Synpcc7942_2566
peptidyl-prolyl cis-trans isomerase

2645869 2645928 1
Synpcc7942_2566
peptidyl-prolyl cis-trans isomerase

2646385 2646444 1
Synpcc7942_2566
peptidyl-prolyl cis-trans isomerase

2678713 2678772 1
Synpcc7942_2595
hypothetical protein

4849 4908 1
Synpcc7942_0004
amidophosphoribosyltransferase

4177 4236 1
Synpcc7942_0003
phosphoribosylformylglycinamidine synthase II

13782 13723 -1
Synpcc7942_0015
hydroxylase

17046 16987 -1
Synpcc7942_0018
glycyl-tRNA synthetase subunit beta

17334 17275 -1
Synpcc7942_0018
glycyl-tRNA synthetase subunit beta

21858 21799 -1
Synpcc7942_0021
cobalt-precorrin-6x reductase

60006 59947 -1
Synpcc7942_0057
C-3 methyl transferase

61446 61387 -1
Synpcc7942_0061
CDP-glucose 4,6-dehydratase

78102 78043 -1
Synpcc7942_0080
ABC transporter permease

104742 104683 -1
Synpcc7942_0105
NAD synthetase

106086 106027 -1
Synpcc7942_0105
NAD synthetase

124998 124939 -1
Synpcc7942_0125
imidazoleglycerol-phosphate dehydratase

130350 130291 -1
Synpcc7942_0131
cyclic nucleotide-binding protein

132222 132163 -1
Synpcc7942_0131
cyclic nucleotide-binding protein

137154 137095 -1
Synpcc7942_0136
phage integrase

144342 144283 -1
Synpcc7942_0142
preprotein translocase subunit SecD

148338 148279 -1
Synpcc7942_0147
hypothetical protein

151134 151075 -1
Synpcc7942_0150
dolichyl-phosphate beta-D-mannosyltransferase

196926 196867 -1
Synpcc7942_0196
Beta-carotene 15,15'-dioxygenase

220122 220063 -1
Synpcc7942_0218
hypothetical protein

220614 220555 -1
Synpcc7942_0219
hypothetical protein

226602 226543 -1
Synpcc7942_0230
hypothetical protein

234102 234043 -1
Synpcc7942_0238
hypothetical protein

256314 256255 -1
Synpcc7942_0260
ATPase

257262 257203 -1
Synpcc7942_0260
ATPase

257394 257335 -1
Synpcc7942_0260
ATPase

271458 271399 -1
Synpcc7942_0276
glycolate oxidase subunit GlcD

273018 272959 -1
Synpcc7942_0277
NAD-dependent DNA ligase LigA

276330 276271 -1
Synpcc7942_0280
competence damage-inducible protein A

297330 297271 -1
Synpcc7942_0298
hypothetical protein

310938 310879 -1
Synpcc7942_0311
dimethyladenosine transferase

341718 341659 -1
Synpcc7942_0348
recombinase A

350298 350239 -1
Synpcc7942_0357
inorganic carbon transporter

351906 351847 -1
Synpcc7942_0358
tRNA (guanine-N(7)-)-methyltransferase

371502 371443 -1
Synpcc7942_0376
zinc protease

405390 405331 -1
Synpcc7942_0415
hypothetical protein

449730 449671 -1
Synpcc7942_0462
hypothetical protein

454338 454279 -1
Synpcc7942_0467
peptidase, metallopeptidase

454974 454915 -1
Synpcc7942_0468
preprotein translocase subunit SecG

469914 469855 -1
Synpcc7942_0484
hypothetical protein

470190 470131 -1
Synpcc7942_0484
hypothetical protein

540582 540523 -1
Synpcc7942_0559
heat shock protein 33

567798 567739 -1
Synpcc7942_0586
hypothetical protein

624678 624619 -1
Synpcc7942_0632
50S ribosomal protein L10

624714 624655 -1
Synpcc7942_0632
50S ribosomal protein L10

628218 628159 -1
Synpcc7942_0637
ATPase

649206 649147 -1
Synpcc7942_0653
peptidyl-prolyl cis-trans isomerase

649914 649855 -1
Synpcc7942_0654
photosystem I assembly protein Ycf4

716610 716551 -1
Synpcc7942_0722
hypothetical protein

793410 793351 -1
Synpcc7942_0799
Elongator protein 3

794274 794215 -1
Synpcc7942_0799
Elongator protein 3

811230 811171 -1
Synpcc7942_0816
diguanylate cyclase/phosphodiesterase

822138 822079 -1
Synpcc7942_0827
cobalamin synthesis protein cobW-like protein

822234 822175 -1
Synpcc7942_0827
cobalamin synthesis protein cobW-like protein

837642 837583 -1
Synpcc7942_0842
glutathione reductase

837654 837595 -1
Synpcc7942_0842
glutathione reductase

843702 843643 -1
Synpcc7942_0848
excinuclease ABC subunit A

876726 876667 -1
Synpcc7942_0874
DEAD/DEAH box helicase-like protein

888606 888547 -1
Synpcc7942_0882
peptidase S16, lon-like protein

888774 888715 -1
Synpcc7942_0882
peptidase S16, lon-like protein

894366 894307 -1
Synpcc7942_0888
mannose-1-phosphate guanylyltransferase

906486 906427 -1
Synpcc7942_0895
hypothetical protein

922014 921955 -1
Synpcc7942_0914
tRNA-(MS(2)IO(6)A)-hydroxylase-like protein

930378 930319 -1
Synpcc7942_0924
multi-sensor signal transduction histidine kinase

957354 957295 -1
Synpcc7942_0948
permease of sugar ABC transporter

957510 957451 -1
Synpcc7942_0948
permease of sugar ABC transporter

957534 957475 -1
Synpcc7942_0948
permease of sugar ABC transporter

958254 958195 -1
Synpcc7942_0949
permease of sugar ABC transporter

966798 966739 -1
Synpcc7942_0959
GTPase ObgE

970638 970579 -1
Synpcc7942_0962
sun protein

973458 973399 -1
Synpcc7942_0966
hypothetical protein

982014 981955 -1
Synpcc7942_0975
S-adenosyl-methyltransferase MraW

1012866 1012807 -1
Synpcc7942_1001
aspartate kinase

1022478 1022419 -1
Synpcc7942_1010
ribosomal large subunit pseudouridine synthase B

1022598 1022539 -1
Synpcc7942_1010
ribosomal large subunit pseudouridine synthase B

1043142 1043083 -1
Synpcc7942_1028
hypothetical protein

1056894 1056835 -1
Synpcc7942_1044
thymidylate synthase

1058418 1058359 -1
Synpcc7942_1045
amidase enhancer-like protein

1111170 1111111 -1
Synpcc7942_1093
anhydro-N-acetylmuramic acid kinase

1115742 1115683 -1
Synpcc7942_1098
hypothetical protein

1136298 1136239 -1
Synpcc7942_1118
mercuric reductase

1177446 1177387 -1
Synpcc7942_1151
bifunctional pantoate ligase/cytidylate kinase

1181118 1181059 -1
Synpcc7942_1153
hypothetical protein

1203450 1203391 -1
Synpcc7942_1169
oligopeptide-binding protein of oligopeptide ABC transporter

1229694 1229635 -1
Synpcc7942_1201
glycosyltransferase

1233438 1233379 -1
Synpcc7942_1203
hypothetical protein

1244322 1244263 -1
Synpcc7942_1223
DevC protein

1256718 1256659 -1
Synpcc7942_1235
assimilatory nitrate reductase (ferredoxin)

1285326 1285267 -1
Synpcc7942_1262
FAD-dependent dehydrogenase

1285830 1285771 -1
Synpcc7942_1262
FAD-dependent dehydrogenase

1302918 1302859 -1
Synpcc7942_1280
hypothetical protein

1306086 1306027 -1
Synpcc7942_1284
molybdopterin converting factor subunit 1

1333422 1333363 -1
Synpcc7942_1305
ATPase

1333830 1333771 -1
Synpcc7942_1306
hypothetical protein

1339002 1338943 -1
Synpcc7942_1312
ATPase

1339986 1339927 -1
Synpcc7942_1312
ATPase

1340226 1340167 -1
Synpcc7942_1312
ATPase

1343622 1343563 -1
Synpcc7942_1314
FtsH-2 peptidase

1353558 1353499 -1
Synpcc7942_1324
DEAD/DEAH box helicase-like protein

1353762 1353703 -1
Synpcc7942_1324
DEAD/DEAH box helicase-like protein

1353930 1353871 -1
Synpcc7942_1324
DEAD/DEAH box helicase-like protein

1354710 1354651 -1
Synpcc7942_1324
DEAD/DEAH box helicase-like protein

1397730 1397671 -1
Synpcc7942_1358
hypothetical protein

1397790 1397731 -1
Synpcc7942_1358
hypothetical protein

1404894 1404835 -1
Synpcc7942_1366
1,4-dihydroxy-2-naphthoate octaprenyltransferase

1445802 1445743 -1
Synpcc7942_1396
hypothetical protein

1452822 1452763 -1
Synpcc7942_1401
hypothetical protein

1454982 1454923 -1
Synpcc7942_1403
hydroxyacylglutathione hydrolase

1457214 1457155 -1
Synpcc7942_1406
ATPase

1457658 1457599 -1
Synpcc7942_1406
ATPase

1463790 1463731 -1
Synpcc7942_1411
hypothetical protein

1464102 1464043 -1
Synpcc7942_1411
hypothetical protein

1483782 1483723 -1
Synpcc7942_1430
hypothetical protein

1491882 1491823 -1
Synpcc7942_1438
anti-sigma regulatory factor

1502994 1502935 -1
Synpcc7942_1449
UDP-3-O-[3-hydroxymyristoyl] glucosamine N-acyltransferase

1504914 1504855 -1
Synpcc7942_1452
DNA repair protein RadA

1506054 1505995 -1
Synpcc7942_1452
DNA repair protein RadA

1528974 1528915 -1
Synpcc7942_1477
hypothetical protein

1529130 1529071 -1
Synpcc7942_1477
hypothetical protein

1529310 1529251 -1
Synpcc7942_1477
hypothetical protein

1545486 1545427 -1
Synpcc7942_1494
hypothetical protein

1547658 1547599 -1
Synpcc7942_1497
hypothetical protein

1547814 1547755 -1
Synpcc7942_1497
hypothetical protein

1549938 1549879 -1
Synpcc7942_1500
ribosomal protein L11 methyltransferase

1550202 1550143 -1
Synpcc7942_1501
D-3-phosphoglycerate dehydrogenase

1641366 1641307 -1
Synpcc7942_1577
arginyl-tRNA synthetase

1694250 1694191 -1
Synpcc7942_1625
glycosyltransferase

1744590 1744531 -1
Synpcc7942_1675
hypothetical protein

1746546 1746487 -1
Synpcc7942_1677
hypothetical protein

1747062 1747003 -1
Synpcc7942_1678
hypothetical protein

1769658 1769599 -1
Synpcc7942_1703
alpha-mannosidase

1779522 1779463 -1
Synpcc7942_1709
small GTP-binding protein domain-containing protein

1822446 1822387 -1
Synpcc7942_1754
hypothetical protein

1822878 1822819 -1
Synpcc7942_1755
hypothetical protein

1843410 1843351 -1
Synpcc7942_1778
hypothetical protein

1862226 1862167 -1
Synpcc7942_1791
hypothetical protein

1862490 1862431 -1
Synpcc7942_1791
hypothetical protein

1862646 1862587 -1
Synpcc7942_1791
hypothetical protein

1876446 1876387 -1
Synpcc7942_1808
pantothenate kinase

1890090 1890031 -1
Synpcc7942_1816
periplasmic sensor hybrid histidine kinase

1894614 1894555 -1
Synpcc7942_1823
PBS lyase

1906170 1906111 -1
Synpcc7942_1839
hypothetical protein

1906626 1906567 -1
Synpcc7942_1839
hypothetical protein

1912734 1912675 -1
Synpcc7942_1846
hypothetical protein

1912818 1912759 -1
Synpcc7942_1846
hypothetical protein

1912842 1912783 -1
Synpcc7942_1846
hypothetical protein

1913082 1913023 -1
Synpcc7942_1846
hypothetical protein

1913178 1913119 -1
Synpcc7942_1846
hypothetical protein

1913394 1913335 -1
Synpcc7942_1846
hypothetical protein

1914618 1914559 -1
Synpcc7942_1847
dihydrodipicolinate synthase

1915506 1915447 -1
Synpcc7942_1848
aspartate-semialdehyde dehydrogenase

1932126 1932067 -1
Synpcc7942_1861
periplasmic binding protein of ABC transporter for natural amino acids

1941966 1941907 -1
Synpcc7942_1870
secretion protein HlyD

1953282 1953223 -1
Synpcc7942_1881
L-aspartate oxidase

1966266 1966207 -1
Synpcc7942_1893
ATPase

1969830 1969771 -1
Synpcc7942_1896
bifunctional ornithine acetyltransferase/N-acetylglutamate synthase

1971210 1971151 -1
Synpcc7942_1898
isopropylmalate isomerase large subunit

1974150 1974091 -1
Synpcc7942_1901
glycosyltransferase

1986354 1986295 -1
Synpcc7942_1910
aromatic acid decarboxylase

2001342 2001283 -1
Synpcc7942_1925
peptidase

2009670 2009611 -1
Synpcc7942_1935
type 4 prepilin peptidase 1. Aspartic peptidase. MEROPS family A24A

2016822 2016763 -1
Synpcc7942_1943
cell division protein Ftn2-like protein

2023290 2023231 -1
Synpcc7942_1947
hypothetical protein

2041266 2041207 -1
Synpcc7942_1970
N-acyl-L-amino acid amidohydrolase

2049114 2049055 -1
Synpcc7942_1977
NAD(P)H-quinone oxidoreductase subunit F

2050506 2050447 -1
Synpcc7942_1979
hypothetical protein

2056206 2056147 -1
Synpcc7942_1985
hypothetical protein

2059602 2059543 -1
Synpcc7942_1988
hypothetical protein

2062878 2062819 -1
Synpcc7942_1992
translation initiation factor 2B subunit I

2065122 2065063 -1
Synpcc7942_1995
bifunctional phosphoribosyl-AMP cyclohydrolase/phosphoribosyl-ATP pyrophosphatase

2065518 2065459 -1
Synpcc7942_1995
bifunctional phosphoribosyl-AMP cyclohydrolase/phosphoribosyl-ATP pyrophosphatase

2069070 2069011 -1
Synpcc7942_2000
penicillin-binding protein 1A

2138766 2138707 -1
Synpcc7942_2062
lycopene cyclase (CrtL-type)

2166330 2166271 -1
Synpcc7942_2085
anion transporting ATPase

2205786 2205727 -1
Synpcc7942_2124
acetylpolyamine aminohydolase

2210742 2210683 -1
Synpcc7942_2131
soluble lytic transglycosylase

2228850 2228791 -1
Synpcc7942_2144
nuclease

2261106 2261047 -1
Synpcc7942_2181
hypothetical protein

2261790 2261731 -1
Synpcc7942_2183
RNase HI

2279454 2279395 -1
Synpcc7942_2199
DNA polymerase III subunit alpha

2279850 2279791 -1
Synpcc7942_2199
DNA polymerase III subunit alpha

2290338 2290279 -1
Synpcc7942_2214
preprotein translocase subunit SecY

2321034 2320975 -1
Synpcc7942_2252
phosphoenolpyruvate carboxylase

2354994 2354935 -1
Synpcc7942_2285
glycerol dehydrogenase

2355006 2354947 -1
Synpcc7942_2285
glycerol dehydrogenase

2359362 2359303 -1
Synpcc7942_2289
2-dehydro-3-deoxyphosphooctonate aldolase

2380086 2380027 -1
Synpcc7942_2311
hypothetical protein

2449410 2449351 -1
Synpcc7942_2382
coproporphyrinogen III oxidase

2449686 2449627 -1
Synpcc7942_2382
coproporphyrinogen III oxidase

2461266 2461207 -1
Synpcc7942_2389
molecular chaperone DnaJ

2473206 2473147 -1
Synpcc7942_2399
hypothetical protein

2473350 2473291 -1
Synpcc7942_2399
hypothetical protein

2493546 2493487 -1
Synpcc7942_2421
high-affinity iron transporter

2495166 2495107 -1
Synpcc7942_2423
tRNA uridine 5-carboxymethylaminomethyl modification enzyme GidA

2496258 2496199 -1
Synpcc7942_2423
tRNA uridine 5-carboxymethylaminomethyl modification enzyme GidA

2503134 2503075 -1
Synpcc7942_2431
hypothetical protein

2515818 2515759 -1
Synpcc7942_2440
polynucleotide phosphorylase

2532870 2532811 -1
Synpcc7942_2454
adenine phosphoribosyltransferase

2533350 2533291 -1
Synpcc7942_2454
adenine phosphoribosyltransferase

2570610 2570551 -1
Synpcc7942_2490
tRNA delta(2)-isopentenylpyrophosphate transferase

2577414 2577355 -1
Synpcc7942_2496
branched-chain amino-acid ABC transport system periplasmic binding protein

2594994 2594935 -1
Synpcc7942_2515
DNA helicase

2595402 2595343 -1
Synpcc7942_2515
DNA helicase

2597370 2597311 -1
Synpcc7942_2517
hypothetical protein

2598378 2598319 -1
Synpcc7942_2518
glycogen synthase

2604786 2604727 -1
Synpcc7942_2522
NAD(P)H-dependent glycerol-3-phosphate dehydrogenase

2623650 2623591 -1
Synpcc7942_2542
cytochrome C6-2

2623722 2623663 -1
Synpcc7942_2542
cytochrome C6-2

2624838 2624779 -1
Synpcc7942_2544
hypothetical protein

2681082 2681023 -1
Synpcc7942_2598
hypothetical protein

2690322 2690263 -1
Synpcc7942_2607
exodeoxyribonuclease III

2692374 2692315 -1
Synpcc7942_2610
uroporphyrin-III C-methyltransferase

2693202 2693143 -1
Synpcc7942_2611
hypothetical protein

