2825 0
5767 1
78401 2
3472 3
3807 4
4052 5
26264 6
qualifies
292.0 303.0 -0.0533494245929
352.0 282.0 0.319880266239
283.0 296.0 -0.0647951227971
400.0 366.0 0.128156351491
21023 7
qualifies
347.0 310.0 0.162667447304
248.0 181.0 0.454350423304
412.0 405.0 0.0247224294112
314.0 370.0 -0.236760711625
74475 8
66055 9
696 10
16794 11
26526 12
49197 13
25360 14
8192 15
48260 16
qualifies
145.0 130.0 0.157541276986
127.0 86.0 0.56241993207
139.0 103.0 0.43244054554
146.0 157.0 -0.104796190012
374 17
21066 18
2719 19
7310 20
8920 21
qualifies
485.0 497.0 -0.0352611044878
236.0 167.0 0.498938756888
250.0 212.0 0.237863830099
272.0 294.0 -0.112209503586
18415 22
687 23
4669 24
7338 25
68336 26
66039 27
qualifies
1500.0 1297.0 0.209784021132
433.0 553.0 -0.352912455508
554.0 682.0 -0.299885762975
682.0 831.0 -0.285076737746
18462 28
21008 29
24263 30
qualifies
1880.0 2236.0 -0.250187526278
2233.0 2046.0 0.126177106077
3298.0 2655.0 0.312879537746
2548.0 2824.0 -0.148374811015
28729 31
1938 32
qualifies
2142.0 2830.0 -0.401843572969
5337.0 3500.0 0.608674089269
4439.0 5375.0 -0.276030046039
5612.0 5926.0 -0.0785436173414
3628 33
9153 34
qualifies
239.0 243.0 -0.023945695625
615.0 295.0 1.05987145598
354.0 339.0 0.0624640869467
370.0 373.0 -0.0116503597389
33303 35
qualifies
2306.0 2181.0 0.080402743011
868.0 632.0 0.457770484267
635.0 728.0 -0.197181858539
1084.0 1298.0 -0.259925626645
40794 36
25168 37
46436 38
qualifies
1041.0 1324.0 -0.346933053508
1069.0 737.0 0.536525328625
794.0 905.0 -0.188778784828
1158.0 1094.0 0.0820225151967
82583 39
364 40
2983 41
qualifies
164.0 175.0 -0.0936591072142
124.0 146.0 -0.235628248493
158.0 178.0 -0.171952682789
169.0 258.0 -0.610347819141
4601 42
8098 43
49967 44
qualifies
231.0 227.0 0.0252005541251
246.0 215.0 0.19432165575
333.0 357.0 -0.100401896958
261.0 379.0 -0.538148041601
3334 45
qualifies
148.0 138.0 0.100928908851
331.0 216.0 0.615799904644
300.0 303.0 -0.0143552929771
290.0 306.0 -0.0774787526777
51923 46
qualifies
176.0 284.0 -0.690315500867
843.0 388.0 1.11947597875
418.0 461.0 -0.141263808348
479.0 503.0 -0.0705327440693
14 47
5844 48
38696 49
qualifies
367.0 396.0 -0.109720367236
788.0 422.0 0.900952630749
679.0 697.0 -0.0377470816237
794.0 765.0 0.0536792595629
41408 50
2493 51
193 52
1975 53
qualifies
302.0 208.0 0.537965021184
274.0 252.0 0.120752159461
261.0 311.0 -0.252864773561
382.0 460.0 -0.268061222909
65581 54
qualifies
530.0 465.0 0.188761643455
177.0 125.0 0.501821265421
154.0 132.0 0.222392421336
185.0 165.0 0.16505924627
25379 55
21051 56
qualifies
4861.0 4826.0 0.0104252185728
5587.0 6368.0 -0.18876651559
6345.0 7505.0 -0.24223190778
6777.0 8253.0 -0.284271868923
750 57
6861 58
qualifies
302.0 303.0 -0.00476924414787
384.0 348.0 0.142019004872
572.0 399.0 0.519626400556
416.0 524.0 -0.332983283396
15773 59
40237 60
qualifies
1178.0 1605.0 -0.446233758179
1313.0 1079.0 0.283172051405
1225.0 1340.0 -0.129451251455
1368.0 1611.0 -0.235888263821
21149 61
4722 62
36127 63
5646 64
925 65
74930 66
qualifies
381.0 380.0 0.00379157916237
498.0 397.0 0.327006734925
448.0 407.0 0.138469937791
559.0 597.0 -0.0948826484216
59325 67
1773 68
5642 69
54547 70
qualifies
275.0 276.0 -0.00523664836615
185.0 134.0 0.465292270059
125.0 125.0 0.0
198.0 227.0 -0.197191867211
74744 71
qualifies
17221.0 20235.0 -0.232683928505
6177.0 2939.0 1.0715809717
4725.0 4858.0 -0.0400481606401
8180.0 5856.0 0.482185289545
53969 72
2278 73
qualifies
20724.0 28312.0 -0.450111178175
9880.0 7839.0 0.333841416431
7790.0 8751.0 -0.16782455867
11870.0 14139.0 -0.252360152207
6682 74
16416 75
qualifies
2579.0 3174.0 -0.299490355046
1006.0 788.0 0.352362770349
945.0 885.0 0.0946368741381
1387.0 1407.0 -0.0206545409129
45881 76
60977 77
qualifies
195.0 180.0 0.11547721742
223.0 163.0 0.452171745689
209.0 217.0 -0.0541921003636
254.0 263.0 -0.0502343025201
44866 78
46557 79
qualifies
385.0 397.0 -0.0442805615607
779.0 557.0 0.483946000722
701.0 624.0 0.167868415148
513.0 712.0 -0.472918415359
74970 80
qualifies
155.0 165.0 -0.0901978089716
296.0 229.0 0.370249577532
267.0 195.0 0.453365617938
276.0 279.0 -0.015596855051
1343 81
qualifies
145.0 165.0 -0.186413124231
132.0 109.0 0.276209794582
187.0 188.0 -0.00769439179
342.0 360.0 -0.0740005814438
36075 82
qualifies
1131.0 1335.0 -0.239240812585
2562.0 2149.0 0.253604992914
2254.0 2446.0 -0.117936888355
1843.0 2759.0 -0.582089385723
7319 83
54066 84
310 85
6626 86
370 87
qualifies
115.0 117.0 -0.024874668639
129.0 100.0 0.367371065649
130.0 133.0 -0.0329146224727
133.0 168.0 -0.337034987278
496 88
qualifies
124.0 146.0 -0.235628248493
364.0 195.0 0.900464326449
322.0 274.0 0.232884795154
262.0 314.0 -0.261197747354
2574 89
qualifies
397.0 344.0 0.206730442441
175.0 90.0 0.959358015503
279.0 235.0 0.247604365264
241.0 221.0 0.124986776839
60307 90
qualifies
343.0 279.0 0.297943454344
349.0 333.0 0.0677048591384
340.0 380.0 -0.160464672193
405.0 510.0 -0.332575339087
4510 91
51247 92
22865 93
qualifies
479.0 475.0 0.0120981425179
427.0 463.0 -0.11677612364
525.0 569.0 -0.116111229753
464.0 626.0 -0.432037851805
6953 94
784 95
409 96
53966 97
qualifies
886.0 704.0 0.331731269918
512.0 626.0 -0.290018846933
542.0 764.0 -0.495279786682
990.0 899.0 0.139107409453
3395 98
qualifies
1193.0 1385.0 -0.215291933241
3739.0 2322.0 0.687284498993
2462.0 2544.0 -0.0472679087999
2800.0 3079.0 -0.137035040212
4615 99
32806 100
qualifies
133.0 108.0 0.300394933338
132.0 158.0 -0.259386628819
150.0 145.0 0.0489096004809
139.0 171.0 -0.298911442162
202048 101
qualifies
152.0 166.0 -0.127111917903
329.0 318.0 0.0490608184509
344.0 308.0 0.159478214007
264.0 356.0 -0.431339311608
6779 102
105477 103
qualifies
747.0 790.0 -0.0807444102752
1344.0 1173.0 0.19633012475
1114.0 1275.0 -0.194748014406
820.0 1586.0 -0.951696956199
59762 104
qualifies
319.0 348.0 -0.125530882084
1077.0 1257.0 -0.222966399876
1324.0 1075.0 0.30056646233
1069.0 1314.0 -0.297703422602
82454 105
qualifies
4901.0 5385.0 -0.135870198022
9135.0 10528.0 -0.20475476022
10416.0 9685.0 0.104977399675
9085.0 11183.0 -0.299748844149
3735 106
44730 107
73896 108
126419 109
qualifies
2662.0 3799.0 -0.513109140753
13685.0 14882.0 -0.120972989336
8857.0 11598.0 -0.388986019404
13069.0 14934.0 -0.192451881418
109424 110
94794 111
199885 112
176064 113
qualifies
475.0 439.0 0.113706573683
549.0 645.0 -0.232493011305
654.0 714.0 -0.126633438531
1023.0 830.0 0.301622903511
24139 114
qualifies
19824.0 22367.0 -0.174123673624
41771.0 46803.0 -0.164099325185
52654.0 48961.0 0.104910109008
44203.0 55516.0 -0.328759336835
140297 115
qualifies
367.0 310.0 0.243511847569
272.0 237.0 0.198719592352
316.0 232.0 0.44579975305
338.0 368.0 -0.122682519775
6765 116
94815 117
qualifies
187.0 220.0 -0.234465253637
120.0 131.0 -0.126532405929
190.0 173.0 0.135227380694
187.0 303.0 -0.696279523585
214250 118
48802 119
102013 120
202232 121
qualifies
513.0 435.0 0.237943424871
303.0 296.0 0.033720617844
586.0 433.0 0.436533639696
480.0 430.0 0.158697746019
142836 122
38901 123
qualifies
868.0 673.0 0.367088537834
358.0 330.0 0.117493563018
418.0 466.0 -0.156827012573
537.0 591.0 -0.138236042192
179186 124
qualifies
116.0 129.0 -0.153246260296
207.0 202.0 0.0352754747475
260.0 223.0 0.221467913108
219.0 310.0 -0.501337345673
93217 125
50504 126
qualifies
1195.0 1037.0 0.204594724055
2072.0 1565.0 0.404861345867
2105.0 1694.0 0.313386358622
2189.0 2124.0 0.0434881883768
28009 127
223051 128
46418 129
142103 130
222231 131
69744 132
qualifies
25301.0 23079.0 0.132613693134
11295.0 11772.0 -0.0596751766599
14327.0 10383.0 0.464513200977
19817.0 21703.0 -0.131155903398
61366 133
135233 134
138969 135
qualifies
122.0 90.0 0.438884241233
140.0 139.0 0.0103419442215
281.0 172.0 0.708161565519
195.0 186.0 0.0681715026416
145636 136
qualifies
382.0 356.0 0.101695397069
780.0 992.0 -0.346865996637
1192.0 1302.0 -0.127345212703
1144.0 1531.0 -0.420387230721
72133 137
153858 138
131130 139
qualifies
140.0 118.0 0.246639967583
141.0 178.0 -0.336182078568
186.0 100.0 0.895302621333
178.0 225.0 -0.338047760251
200664 140
20947 141
qualifies
533.0 504.0 0.0807117992593
370.0 421.0 -0.18629496255
359.0 306.0 0.23045219113
506.0 541.0 -0.0964912091325
91397 142
qualifies
1170.0 1603.0 -0.454265895684
2652.0 3888.0 -0.551947443493
12909.0 3579.0 1.85074879725
2214.0 4833.0 -1.12626377265
130736 143
220045 144
qualifies
187.0 204.0 -0.125530882084
294.0 358.0 -0.284143432428
452.0 427.0 0.0820867027947
495.0 603.0 -0.284729476933
30472 145
qualifies
144.0 119.0 0.275107238134
174.0 215.0 -0.305249353741
225.0 181.0 0.313935304134
219.0 292.0 -0.415037499279
35875 146
qualifies
118.0 84.0 0.490325626583
133.0 111.0 0.260866569151
110.0 95.0 0.211504105194
206.0 239.0 -0.214366280798
125710 147
35280 148
82834 149
qualifies
483.0 521.0 -0.109260183443
420.0 509.0 -0.27727632841
637.0 632.0 0.0113688140792
611.0 656.0 -0.102523434799
98592 150
qualifies
365.0 251.0 0.540209099817
330.0 261.0 0.338416217676
679.0 365.0 0.895515110477
489.0 555.0 -0.182653306285
195305 151
27306 152
qualifies
874.0 479.0 0.867607623764
726.0 1032.0 -0.507401517428
586.0 957.0 -0.707618260064
1506.0 1227.0 0.295586521009
88470 153
qualifies
523.0 428.0 0.289200149846
290.0 379.0 -0.386144948156
331.0 316.0 0.0669066586301
548.0 790.0 -0.527676760104
220030 154
145763 155
qualifies
174.0 181.0 -0.0569023912345
316.0 272.0 0.216317906927
488.0 183.0 1.41503749928
398.0 397.0 0.00362942340069
179178 156
198288 157
30486 158
145645 159
qualifies
184.0 143.0 0.363690619279
168.0 181.0 -0.107528464304
168.0 168.0 0.0
291.0 213.0 0.450165722682
129767 160
137680 161
qualifies
2333.0 2222.0 0.0703274905951
602.0 710.0 -0.238055537632
833.0 1166.0 -0.485179387835
1522.0 2240.0 -0.557530373441
4207 162
100008 163
368 164
qualifies
152.0 151.0 0.00952277411851
124.0 142.0 -0.195550809118
185.0 138.0 0.422857003738
217.0 218.0 -0.00663309233245
44863 165
qualifies
152.0 83.0 0.872888082097
125.0 192.0 -0.619178216059
177.0 227.0 -0.358942937208
184.0 227.0 -0.302986531234
53758 166
149357 167
qualifies
121.0 77.0 0.65207669658
117.0 92.0 0.346802763526
211.0 167.0 0.337394896233
193.0 211.0 -0.128642151439
29782 168
qualifies
750.0 604.0 0.312342046058
629.0 557.0 0.175382689539
730.0 602.0 0.278132977008
741.0 934.0 -0.333949007404
98576 169
qualifies
731.0 781.0 -0.0954511421895
1551.0 1437.0 0.110138624579
3158.0 1533.0 1.0426534742
1190.0 2052.0 -0.786069157412
29763 170
qualifies
4235.0 3450.0 0.295765607667
2677.0 2419.0 0.146206369661
3836.0 2512.0 0.610766256127
6029.0 5825.0 0.0496606796088
131144 171
qualifies
4668.0 3914.0 0.254160805081
2718.0 2604.0 0.0618160076018
4099.0 2395.0 0.775246334011
6516.0 4810.0 0.437949709868
1073 172
114399 173
qualifies
200.0 144.0 0.473931188332
150.0 198.0 -0.400537929584
111.0 124.0 -0.159780444037
194.0 194.0 0.0
124875 174
118439 175
qualifies
1098.0 878.0 0.32258520947
418.0 571.0 -0.449987803282
607.0 550.0 0.142264897844
584.0 874.0 -0.581664910621
142424 176
114929 177
qualifies
938.0 678.0 0.468302649379
497.0 472.0 0.0744589922004
809.0 529.0 0.612871980316
1168.0 1232.0 -0.0769619818149
127801 178
qualifies
568.0 721.0 -0.344108329736
331.0 422.0 -0.3504117819
280.0 279.0 0.00516170511578
749.0 1044.0 -0.479084088111
103205 179
qualifies
208.0 200.0 0.0565835283664
247.0 266.0 -0.106915203917
294.0 233.0 0.335486200182
190.0 207.0 -0.123631349168
150126 180
201533 181
211235 182
qualifies
471.0 450.0 0.0658020583957
905.0 868.0 0.0602227495261
1119.0 1028.0 0.122369771783
904.0 1277.0 -0.498363847288
188801 183
36839 184
55336 185
qualifies
244.0 243.0 0.00592483395711
185.0 226.0 -0.288797501899
145.0 140.0 0.05062607307
327.0 448.0 -0.45420809656
217677 186
qualifies
307.0 172.0 0.835830090668
196.0 227.0 -0.211838643176
222.0 236.0 -0.0882271830117
209.0 285.0 -0.447458976971
1008 187
155747 188
213203 189
86652 190
qualifies
167.0 120.0 0.476813696866
160.0 156.0 0.0365258760251
146.0 108.0 0.434937056717
155.0 198.0 -0.353232214805
86386 191
79383 192
qualifies
163.0 146.0 0.158903595351
174.0 154.0 0.176156955154
194.0 151.0 0.361508102862
184.0 238.0 -0.371255807251
134786 193
qualifies
2567.0 1851.0 0.471778400705
982.0 983.0 -0.00146839202589
999.0 805.0 0.31149589479
1681.0 1526.0 0.139564762402
169704 194
98997 195
qualifies
136.0 148.0 -0.121990524379
102.0 143.0 -0.487445994807
109.0 102.0 0.0957589828054
241.0 307.0 -0.34920550914
135184 196
154362 197
168991 198
203991 199
qualifies
4093.0 3208.0 0.351484524988
6812.0 6697.0 0.0245634669664
5407.0 6466.0 -0.258045151044
6797.0 7681.0 -0.17639602682
[6, 7, 16, 21, 27, 30, 32, 34, 35, 38, 41, 44, 45, 46, 49, 53, 54, 56, 58, 60, 66, 70, 71, 73, 75, 77, 79, 80, 81, 82, 87, 88, 89, 90, 93, 97, 98, 100, 101, 103, 104, 105, 109, 113, 114, 115, 117, 121, 123, 124, 126, 132, 135, 136, 139, 141, 142, 144, 145, 146, 149, 150, 152, 153, 155, 159, 161, 164, 165, 167, 168, 169, 170, 171, 173, 175, 177, 178, 179, 182, 185, 186, 190, 192, 193, 195, 199]
[(114, 39613.0), (132, 17685.0), (73, 12566.0), (109, 9568.25), (71, 9075.75), (105, 8384.25), (56, 5892.5), (199, 5777.25), (142, 4736.25), (171, 4500.25), (32, 4382.5), (170, 4194.25), (98, 2548.5), (30, 2489.75), (82, 1947.5), (126, 1890.25), (169, 1657.5), (193, 1557.25), (75, 1479.25), (161, 1322.5), (60, 1271.0), (35, 1223.25), (188, 1101.75), (38, 1015.5), (103, 1006.25), (104, 947.25), (152, 923.0), (136, 874.5), (177, 853.0), (182, 849.75), (27, 792.25), (97, 732.5), (168, 712.5), (175, 676.75), (113, 675.25), (49, 657.0), (79, 594.5), (123, 545.25), (149, 537.75), (178, 482.0), (46, 479.0), (93, 473.75), (66, 471.5), (121, 470.5), (150, 465.75), (141, 442.0), (153, 423.0), (58, 418.5), (34, 394.5), (90, 359.25), (144, 357.0), (155, 344.0), (6, 331.75), (7, 330.25), (115, 323.25), (21, 310.75), (53, 304.75), (89, 273.0), (101, 272.25), (88, 268.0), (44, 267.75), (45, 267.25), (54, 261.5), (80, 248.5), (47, 244.25), (179, 234.75), (186, 233.5), (185, 225.25), (77, 220.25), (159, 202.75), (81, 201.5), (124, 200.5), (70, 195.75), (145, 190.5), (135, 184.5), (192, 178.75), (138, 178.25), (130, 172.0), (117, 171.0), (164, 169.5), (173, 163.75), (160, 162.75), (139, 161.25), (167, 160.5), (165, 159.5), (190, 157.0), (176, 155.25), (41, 153.75), (119, 151.0), (195, 147.0), (28, 143.75), (131, 142.75), (187, 142.5), (146, 141.75), (118, 140.25), (16, 139.25), (100, 138.5), (148, 134.25), (116, 132.75), (154, 130.25), (158, 129.0), (14, 128.5), (87, 126.75), (110, 126.0), (68, 122.75), (120, 119.5), (22, 117.75), (127, 117.25), (194, 116.25), (156, 115.75), (162, 114.25), (83, 113.5), (95, 113.25), (5, 113.0), (140, 112.75), (191, 112.25), (19, 111.75), (94, 110.5), (92, 108.5), (31, 107.5), (112, 105.5), (24, 104.0), (183, 100.0), (17, 96.75), (25, 96.25), (23, 95.5), (29, 92.75), (55, 89.75), (107, 85.5), (180, 84.25), (61, 82.75), (184, 82.75), (91, 81.5), (78, 81.25), (189, 81.25), (4, 80.5), (18, 80.0), (39, 78.5), (48, 75.75), (0, 74.5), (86, 70.0), (11, 69.75), (197, 68.75), (74, 68.25), (99, 66.75), (96, 63.25), (69, 61.75), (64, 59.5), (172, 58.5), (133, 57.5), (2, 55.75), (111, 55.0), (59, 54.75), (67, 53.25), (157, 52.5), (129, 50.75), (15, 50.5), (76, 50.5), (125, 49.0), (108, 48.0), (122, 47.5), (52, 46.0), (1, 43.75), (51, 41.5), (8, 41.25), (147, 40.5), (13, 37.0), (198, 36.75), (20, 34.75), (85, 34.5), (143, 34.0), (12, 33.75), (181, 33.0), (33, 30.25), (137, 30.25), (36, 30.0), (57, 29.75), (9, 29.0), (37, 28.75), (163, 28.25), (196, 27.75), (84, 27.5), (43, 26.25), (26, 25.75), (40, 24.75), (106, 23.0), (63, 22.75), (62, 21.5), (151, 20.5), (102, 18.75), (174, 18.75), (128, 18.5), (42, 18.25), (50, 17.25), (3, 16.25), (10, 16.0), (65, 15.75), (72, 15.5), (134, 15.5), (166, 13.75)]
