441665,441783,1,28,111
3474
1 (-0.25152563149213653, 0.74847436850786242)
669208,669333,1,30,96
5769
2 (-0.93607221006754471, 0.063927789932455292)
14498,14567,1,1,40
374
3 (-0.96530076954940769, 0.034699230450592311)
2220974,2221180,1,27,93
18416
4 (-0.36556644242479835, 0.63443355757520137)
1792473,1792562,1,10,59
66040
5 (-0.66292434513802889, 0.33707565486197105)
333841,333985,1,83,134
2827
6 (-0.5634164223865965, 0.43658357761340338)
2578657,2579377,1,542,635
48266
7 (0.047780879423116686, 0.9522191205768844)
587693,587833,1,20,99
7309
8 (0.810685834898355, 0.18931416510164503)
2253780,2253861,1,23,62
21150
9 (-0.62315919000275044, 0.3768408099972495)
1043456,1043693,1,33,67
3624
10 (0.57888587401018032, 0.42111412598981962)
1683568,1683659,-1,23,91
369466
11 (-0.96775911233132672, 0.032240887668673279)
393663,393767,-1,18,84
261975
12 (-0.57032519491704181, 0.42967480508295813)
1687416,1687479,-1,1,52
369787
13 (-0.19934310435235056, 0.8006568956476493)
81263,81493,-1,84,135
235948
14 (-0.67871752511653849, 0.32128247488346151)
989283,989737,-1,224,279
311623
15 (-0.8564388597941287, 0.1435611402058713)
536738,536910,-1,81,140
273899
16 (0.35169056337950122, 0.64830943662049856)
1137782,1137840,-1,27,53
323984
17 (0.72661408850626052, 0.27338591149373953)
1517026,1517107,-1,6,72
355588
18 (0.53579904459321825, 0.46420095540678163)
1713162,1713194,-1,1,32
371932
19 (0.93115352397446749, 0.06884647602553251)
269915,269940,-1,3,25
251661
20 (0.87096739147757396, 0.12903260852242604)
